Change Component Designator: Old Designator=C49 New Designator=C24
Change Component Designator: Old Designator=C50 New Designator=C25
Change Component Designator: Old Designator=C51 New Designator=C26
Change Component Designator: Old Designator=C52 New Designator=C27
Change Component Designator: Old Designator=C53 New Designator=C28
Change Component Designator: Old Designator=C54 New Designator=C29
Change Component Designator: Old Designator=C55 New Designator=C30
Change Component Designator: Old Designator=C56 New Designator=C31
Change Component Designator: Old Designator=C57 New Designator=C32
Change Component Designator: Old Designator=C58 New Designator=C33
Change Component Designator: Old Designator=C59 New Designator=C34
Change Component Designator: Old Designator=C60 New Designator=C35
Change Component Designator: Old Designator=C61 New Designator=C36
Change Component Designator: Old Designator=C62 New Designator=C37
Change Component Designator: Old Designator=C63 New Designator=C38
Change Component Designator: Old Designator=C64 New Designator=C39
Change Component Designator: Old Designator=C65 New Designator=C40
Change Component Designator: Old Designator=C66 New Designator=C41
Change Component Designator: Old Designator=C67 New Designator=C42
Change Component Designator: Old Designator=C68 New Designator=C43
Change Component Designator: Old Designator=C69 New Designator=C44
Change Component Designator: Old Designator=C70 New Designator=C45
Change Component Designator: Old Designator=C71 New Designator=C46
Change Component Designator: Old Designator=C72 New Designator=C47
Change Component Designator: Old Designator=C73 New Designator=C48
Change Component Designator: Old Designator=C74 New Designator=C49
Change Component Designator: Old Designator=C75 New Designator=C50
Change Component Designator: Old Designator=C76 New Designator=C51
Change Component Designator: Old Designator=C77 New Designator=C52
Change Component Designator: Old Designator=C78 New Designator=C53
Change Component Designator: Old Designator=IC4 New Designator=IC3
Change Component Designator: Old Designator=IC5 New Designator=IC4
Change Component Designator: Old Designator=IC6 New Designator=IC5
Change Component Designator: Old Designator=IC7 New Designator=IC6
Change Component Designator: Old Designator=L4 New Designator=L1
Change Component Designator: Old Designator=R73 New Designator=R31
Change Component Designator: Old Designator=R74 New Designator=R32
Change Component Designator: Old Designator=R75 New Designator=R33
Change Component Designator: Old Designator=TP? New Designator=TP1
Change Component Designator: Old Designator=TP? New Designator=TP2
Change Component Designator: Old Designator=TP? New Designator=TP3
