Change Component Designator: Old Designator=C24 New Designator=C2
Change Component Designator: Old Designator=C25 New Designator=C3
Change Component Designator: Old Designator=C26 New Designator=C4
Change Component Designator: Old Designator=C27 New Designator=C5
Change Component Designator: Old Designator=C28 New Designator=C6
Change Component Designator: Old Designator=C29 New Designator=C7
Change Component Designator: Old Designator=C30 New Designator=C8
Change Component Designator: Old Designator=C31 New Designator=C1
Change Component Designator: Old Designator=D5 New Designator=D3
Change Component Designator: Old Designator=D6 New Designator=D2
Change Component Designator: Old Designator=D7 New Designator=D1
Change Component Designator: Old Designator=IC1 New Designator=IC2
Change Component Designator: Old Designator=IC2 New Designator=IC1
Change Component Designator: Old Designator=J3 New Designator=J2
Change Component Designator: Old Designator=J14 New Designator=J1
Change Component Designator: Old Designator=J15 New Designator=J3
Change Component Designator: Old Designator=J? New Designator=J4
Change Component Designator: Old Designator=R1 New Designator=R7
Change Component Designator: Old Designator=R2 New Designator=R3
Change Component Designator: Old Designator=R3 New Designator=R4
Change Component Designator: Old Designator=R4 New Designator=R5
Change Component Designator: Old Designator=R18 New Designator=R1
Change Component Designator: Old Designator=R20 New Designator=R2
Change Component Designator: Old Designator=R22 New Designator=R6
Change Component Designator: Old Designator=R29 New Designator=R8
Change Component Designator: Old Designator=R30 New Designator=R10
Change Component Designator: Old Designator=R46 New Designator=R9
Change Component Designator: Old Designator=R? New Designator=R11
Change Component Designator: Old Designator=R? New Designator=R12
Change Component Designator: Old Designator=U5 New Designator=U1
