Added Component: Designator=U6(Q3D)
Add component. Clean all parameters for all variants
Added Component: Designator=U8(Q3D)
Add component. Clean all parameters for all variants
Added Pin To Net: NetName=NetC13_1 Pin=U6-1
Added Pin To Net: NetName=NetU6_3 Pin=U6-3
Added Pin To Net: NetName=NetR60_1 Pin=U6-4
Added Pin To Net: NetName=NetU6_5 Pin=U6-5
Added Pin To Net: NetName=NetL2_1 Pin=U6-6
Added Pin To Net: NetName=NetL2_1 Pin=U6-7
Added Pin To Net: NetName=NetL2_1 Pin=U6-8
Added Pin To Net: NetName=GND Pin=U6-9
Added Pin To Net: NetName=GND Pin=U6-9
Added Pin To Net: NetName=GND Pin=U6-9
Added Pin To Net: NetName=GND Pin=U6-9
Added Pin To Net: NetName=GND Pin=U6-9
Added Pin To Net: NetName=NetC13_1 Pin=U8-1
Added Pin To Net: NetName=NetU7_16 Pin=U8-3
Added Pin To Net: NetName=NetR58_1 Pin=U8-4
Added Pin To Net: NetName=NetU7_15 Pin=U8-5
Added Pin To Net: NetName=NetL3_1 Pin=U8-6
Added Pin To Net: NetName=NetL3_1 Pin=U8-7
Added Pin To Net: NetName=NetL3_1 Pin=U8-8
Added Pin To Net: NetName=GND Pin=U8-9
Added Pin To Net: NetName=GND Pin=U8-9
Added Pin To Net: NetName=GND Pin=U8-9
Added Pin To Net: NetName=GND Pin=U8-9
Added Pin To Net: NetName=GND Pin=U8-9
Added Member To Class: ClassName=Voltage_Regulation_TI Member=Component U6 CSD87330Q3D
Added Member To Class: ClassName=Voltage_Regulation_TI Member=Component U8 CSD87330Q3D
