Removed Pin From Net: NetName=GND Pin=C14-1
Removed Pin From Net: NetName=NetC2_2 Pin=C14-2
Removed Pin From Net: NetName=GND Pin=C18-2
Removed Pin From Net: NetName=GND Pin=D3-1
Removed Pin From Net: NetName=GND Pin=R20-2
Removed Pin From Net: NetName=+5V0 Pin=R41-2
Removed Pin From Net: NetName=GND Pin=U3-2
Removed Pin From Net: NetName=NetC2_2 Pin=U3-5
Removed Member From Class: ClassName=Voltage_Regulation Member=C14
Removed Member From Class: ClassName=Voltage_Regulation Member=C16
Removed Member From Class: ClassName=Voltage_Regulation Member=C18
Removed Member From Class: ClassName=Voltage_Regulation Member=D1
Removed Member From Class: ClassName=Voltage_Regulation Member=D3
Removed Member From Class: ClassName=Voltage_Regulation Member=L2
Removed Member From Class: ClassName=Voltage_Regulation Member=R18
Removed Member From Class: ClassName=Voltage_Regulation Member=R20
Removed Member From Class: ClassName=Voltage_Regulation Member=R41
Removed Member From Class: ClassName=Voltage_Regulation Member=U3
Added Component: Designator=J2(TE 282834-2)
Add component. Clean all parameters for all variants
Add component (AddParameter): Name = "Color"; Value = "Green"; VariantName = "[No Variations]"
Add component (AddParameter): Name = "ComponentLink1Description"; Value = "Datasheet"; VariantName = "[No Variations]"
Add component (AddParameter): Name = "ComponentLink1URL"; Value = "https://www.te.com/commerce/DocumentDelivery/DDEController?Action=srchrtrv&DocNm=282834&DocType=Customer+Drawing&DocLang=English"; VariantName = "[No Variations]"
Add component (AddParameter): Name = "ComponentLink2Description"; Value = "DigiKey Link"; VariantName = "[No Variations]"
Add component (AddParameter): Name = "ComponentLink2URL"; Value = "http://digikey.com/product-detail/en/te-connectivity-amp-connectors/282834-2/A98333-ND/1150135"; VariantName = "[No Variations]"
Add component (AddParameter): Name = "Current"; Value = "10A"; VariantName = "[No Variations]"
Add component (AddParameter): Name = "LastUpdated"; Value = "15/01/2020 4:15:38 AM"; VariantName = "[No Variations]"
Add component (AddParameter): Name = "Lifecycle Status"; Value = "Active"; VariantName = "[No Variations]"
Add component (AddParameter): Name = "Manufacturer"; Value = "TE Connectivity AMP Connectors"; VariantName = "[No Variations]"
Add component (AddParameter): Name = "Mating Orientation"; Value = "Horizontal with Board"; VariantName = "[No Variations]"
Add component (AddParameter): Name = "Minimum Order"; Value = "1"; VariantName = "[No Variations]"
Add component (AddParameter): Name = "Mounting Type"; Value = "Through Hole"; VariantName = "[No Variations]"
Add component (AddParameter): Name = "Number of Levels"; Value = "1"; VariantName = "[No Variations]"
Add component (AddParameter): Name = "Packaging"; Value = "Bulk"; VariantName = "[No Variations]"
Add component (AddParameter): Name = "Part Number"; Value = "282834-2"; VariantName = "[No Variations]"
Add component (AddParameter): Name = "Part Status"; Value = "Active"; VariantName = "[No Variations]"
Add component (AddParameter): Name = "Pitch"; Value = "0.100" (2.54mm)"; VariantName = "[No Variations]"
Add component (AddParameter): Name = "Positions Per Level"; Value = "2"; VariantName = "[No Variations]"
Add component (AddParameter): Name = "Price"; Value = "0.88"; VariantName = "[No Variations]"
Add component (AddParameter): Name = "Series"; Value = "Buchanan"; VariantName = "[No Variations]"
Add component (AddParameter): Name = "Supplier 1"; Value = "DigiKey"; VariantName = "[No Variations]"
Add component (AddParameter): Name = "Supplier Part Number 1"; Value = "A98333-ND"; VariantName = "[No Variations]"
Add component (AddParameter): Name = "Voltage"; Value = "150V"; VariantName = "[No Variations]"
Add component (AddParameter): Name = "Wire Gauge"; Value = "16-30 AWG"; VariantName = "[No Variations]"
Add component (AddParameter): Name = "Wire Termination"; Value = "Screw - Rising Cage Clamp"; VariantName = "[No Variations]"
Added Pin To Net: NetName=GND Pin=J2-1
Added Pin To Net: NetName=NetJ2_2 Pin=J2-2
Added Member To Class: ClassName=Microcontroller Member=Component J2 282834-2
Added Room: Name=Charging
Added Room: Name=Microcontroller
Added Room: Name=PD_Controller
Added Room: Name=Voltage_Regulation
