Removed Pin From Net: NetName=NetC15_2 Pin=C15-2
Removed Pin From Net: NetName=GND Pin=D10-2
Removed Pin From Net: NetName=GND Pin=D11-2
Removed Pin From Net: NetName=NetIC1_19 Pin=R33-2
Removed Pin From Net: NetName=NetIC1_18 Pin=R34-2
Removed Pin From Net: NetName=NetC44_2 Pin=R47-2
Removed Pin From Net: NetName=GND Pin=R48-1
Removed Pin From Net: NetName=NetC40_2 Pin=R49-1
Removed Pin From Net: NetName=GND Pin=R58-1
Removed Pin From Net: NetName=NetC40_2 Pin=R59-1
Removed Pin From Net: NetName=NetC15_2 Pin=U3-5
Removed Pin From Net: NetName=NetJ7_1 Pin=U5-2
Removed Pin From Net: NetName=NetJ10_1 Pin=U5-3
Removed Pin From Net: NetName=NetJ13_1 Pin=U5-8
Removed Pin From Net: NetName=NetJ14_1 Pin=U5-9
Removed Pin From Net: NetName=NetD6_2 Pin=U5-13
Removed Pin From Net: NetName=NetD5_2 Pin=U5-14
Removed Pin From Net: NetName=NetIC1_25 Pin=U5-17
Removed Pin From Net: NetName=NetIC1_26 Pin=U5-18
Removed Member From Class: ClassName=Microcontroller Member=D10
Removed Member From Class: ClassName=Microcontroller Member=D11
Removed Member From Class: ClassName=Microcontroller Member=R33
Removed Member From Class: ClassName=Microcontroller Member=R34
Removed Member From Class: ClassName=Microcontroller Member=R47
Removed Member From Class: ClassName=Microcontroller Member=R48
Removed Member From Class: ClassName=Charging_TI Member=R49
Removed Member From Class: ClassName=Charging_TI Member=R59
Change Component Footprint: Designator=D10 Old Footprint=LED 0805_2012 New Footprint=DO214AA SMB
Change Component Comment : Designator=D10 Old Comment=White New Comment=B230-13-F
Change component parameters: Designator = "D10"; Footprint = "DO214AA SMB"; UniqueID = "\XVVCFCDC"
Change component parameters. Clean all parameters for all variants
Change component parameters (AddParameter): Name = "Capacitance @ Vr, F"; Value = "200pF @ 4V, 1MHz"; VariantName = "[No Variations]"
Change component parameters (AddParameter): Name = "ComponentLink1Description"; Value = "Datasheet"; VariantName = "[No Variations]"
Change component parameters (AddParameter): Name = "ComponentLink1URL"; Value = "https://www.diodes.com/assets/Datasheets/ds13004.pdf"; VariantName = "[No Variations]"
Change component parameters (AddParameter): Name = "ComponentLink2Description"; Value = "DigiKey Link"; VariantName = "[No Variations]"
Change component parameters (AddParameter): Name = "ComponentLink2URL"; Value = "https://www.digikey.com/en/products/detail/diodes-incorporated/B230-13-F/814955"; VariantName = "[No Variations]"
Change component parameters (AddParameter): Name = "Current - Average Rectified (Io)"; Value = "2A"; VariantName = "[No Variations]"
Change component parameters (AddParameter): Name = "Current - Reverse Leakage @ Vr"; Value = "500 µA @ 30 V"; VariantName = "[No Variations]"
Change component parameters (AddParameter): Name = "Diode Type"; Value = "Schottky"; VariantName = "[No Variations]"
Change component parameters (AddParameter): Name = "LastUpdated"; Value = "9/08/2022 12:37:20 PM"; VariantName = "[No Variations]"
Change component parameters (AddParameter): Name = "Lifecycle Status"; Value = "Active"; VariantName = "[No Variations]"
Change component parameters (AddParameter): Name = "Manufacturer"; Value = "Diodes Incorporated"; VariantName = "[No Variations]"
Change component parameters (AddParameter): Name = "Minimum Order"; Value = "1"; VariantName = "[No Variations]"
Change component parameters (AddParameter): Name = "Mounting Type"; Value = "Surface Mount"; VariantName = "[No Variations]"
Change component parameters (AddParameter): Name = "Operating Temperature - Junction"; Value = "-65°C ~ 150°C"; VariantName = "[No Variations]"
Change component parameters (AddParameter): Name = "Package / Case"; Value = "DO-214AA, SMB"; VariantName = "[No Variations]"
Change component parameters (AddParameter): Name = "Packaging"; Value = "TapeAndReel"; VariantName = "[No Variations]"
Change component parameters (AddParameter): Name = "PartId"; Value = "1539"; VariantName = "[No Variations]"
Change component parameters (AddParameter): Name = "Part Number"; Value = "B230-13-F"; VariantName = "[No Variations]"
Change component parameters (AddParameter): Name = "Part Status"; Value = "Active"; VariantName = "[No Variations]"
Change component parameters (AddParameter): Name = "Price"; Value = "0.13"; VariantName = "[No Variations]"
Change component parameters (AddParameter): Name = "Series"; Value = "-"; VariantName = "[No Variations]"
Change component parameters (AddParameter): Name = "Speed"; Value = "Fast Recovery =< 500ns, > 200mA (Io)"; VariantName = "[No Variations]"
Change component parameters (AddParameter): Name = "Supplier 1"; Value = "DigiKey"; VariantName = "[No Variations]"
Change component parameters (AddParameter): Name = "Supplier Device Package"; Value = "SMB"; VariantName = "[No Variations]"
Change component parameters (AddParameter): Name = "Supplier Part Number 1"; Value = "B230-FDICT-ND"; VariantName = "[No Variations]"
Change component parameters (AddParameter): Name = "Voltage - DC Reverse (Vr) (Max)"; Value = "30 V"; VariantName = "[No Variations]"
Change component parameters (AddParameter): Name = "Voltage - Forward (Vf) (Max) @ If"; Value = "500 mV @ 2 A"; VariantName = "[No Variations]"
Added Component: Designator=D9(DO214AA SMB)
Add component. Clean all parameters for all variants
Add component (AddParameter): Name = "Capacitance @ Vr, F"; Value = "200pF @ 4V, 1MHz"; VariantName = "[No Variations]"
Add component (AddParameter): Name = "ComponentLink1Description"; Value = "Datasheet"; VariantName = "[No Variations]"
Add component (AddParameter): Name = "ComponentLink1URL"; Value = "https://www.diodes.com/assets/Datasheets/ds13004.pdf"; VariantName = "[No Variations]"
Add component (AddParameter): Name = "ComponentLink2Description"; Value = "DigiKey Link"; VariantName = "[No Variations]"
Add component (AddParameter): Name = "ComponentLink2URL"; Value = "https://www.digikey.com/en/products/detail/diodes-incorporated/B230-13-F/814955"; VariantName = "[No Variations]"
Add component (AddParameter): Name = "Current - Average Rectified (Io)"; Value = "2A"; VariantName = "[No Variations]"
Add component (AddParameter): Name = "Current - Reverse Leakage @ Vr"; Value = "500 µA @ 30 V"; VariantName = "[No Variations]"
Add component (AddParameter): Name = "Diode Type"; Value = "Schottky"; VariantName = "[No Variations]"
Add component (AddParameter): Name = "LastUpdated"; Value = "9/08/2022 12:37:20 PM"; VariantName = "[No Variations]"
Add component (AddParameter): Name = "Lifecycle Status"; Value = "Active"; VariantName = "[No Variations]"
Add component (AddParameter): Name = "Manufacturer"; Value = "Diodes Incorporated"; VariantName = "[No Variations]"
Add component (AddParameter): Name = "Minimum Order"; Value = "1"; VariantName = "[No Variations]"
Add component (AddParameter): Name = "Mounting Type"; Value = "Surface Mount"; VariantName = "[No Variations]"
Add component (AddParameter): Name = "Operating Temperature - Junction"; Value = "-65°C ~ 150°C"; VariantName = "[No Variations]"
Add component (AddParameter): Name = "Package / Case"; Value = "DO-214AA, SMB"; VariantName = "[No Variations]"
Add component (AddParameter): Name = "Packaging"; Value = "TapeAndReel"; VariantName = "[No Variations]"
Add component (AddParameter): Name = "PartId"; Value = "1539"; VariantName = "[No Variations]"
Add component (AddParameter): Name = "Part Number"; Value = "B230-13-F"; VariantName = "[No Variations]"
Add component (AddParameter): Name = "Part Status"; Value = "Active"; VariantName = "[No Variations]"
Add component (AddParameter): Name = "Price"; Value = "0.13"; VariantName = "[No Variations]"
Add component (AddParameter): Name = "Series"; Value = "-"; VariantName = "[No Variations]"
Add component (AddParameter): Name = "Speed"; Value = "Fast Recovery =< 500ns, > 200mA (Io)"; VariantName = "[No Variations]"
Add component (AddParameter): Name = "Supplier 1"; Value = "DigiKey"; VariantName = "[No Variations]"
Add component (AddParameter): Name = "Supplier Device Package"; Value = "SMB"; VariantName = "[No Variations]"
Add component (AddParameter): Name = "Supplier Part Number 1"; Value = "B230-FDICT-ND"; VariantName = "[No Variations]"
Add component (AddParameter): Name = "Voltage - DC Reverse (Vr) (Max)"; Value = "30 V"; VariantName = "[No Variations]"
Add component (AddParameter): Name = "Voltage - Forward (Vf) (Max) @ If"; Value = "500 mV @ 2 A"; VariantName = "[No Variations]"
Added Pin To Net: NetName=NetC15_2 Pin=D9-1
Added Pin To Net: NetName=NetC35_2 Pin=D10-1
Added Pin To Net: NetName=GND Pin=R58-2
Added Pin To Net: NetName=NetC40_2 Pin=R64-2
Added Pin To Net: NetName=NetC43_2 Pin=U4-6
Added Pin To Net: NetName=NetIC1_25 Pin=U5-8
Added Pin To Net: NetName=NetIC1_26 Pin=U5-9
Added Pin To Net: NetName=NetJ13_1 Pin=U5-10
Added Pin To Net: NetName=NetJ14_1 Pin=U5-11
Added Pin To Net: NetName=NetD5_2 Pin=U5-13
Added Pin To Net: NetName=NetD6_2 Pin=U5-14
Added Pin To Net: NetName=NetJ10_1 Pin=U5-17
Added Pin To Net: NetName=NetJ7_1 Pin=U5-18
Change Net Name : Old Net Name=NetC15_2 New Net Name=NetC34_2
Added Pin To Net: NetName=NetC15_2 Pin=C15-2
Added Pin To Net: NetName=NetC15_2 Pin=D9-2
Added Pin To Net: NetName=NetC15_2 Pin=D10-2
Added Pin To Net: NetName=NetC15_2 Pin=U3-5
Added Net: Name=NetC15_2
Added Pin To Net: NetName=NetIC1_23 Pin=IC1-23
Added Pin To Net: NetName=NetIC1_23 Pin=U5-6
Added Net: Name=NetIC1_23
Added Pin To Net: NetName=NetIC1_24 Pin=IC1-24
Added Pin To Net: NetName=NetIC1_24 Pin=U5-7
Added Net: Name=NetIC1_24
Added Pin To Net: NetName=NetR57_2 Pin=R57-2
Added Pin To Net: NetName=NetR57_2 Pin=R58-1
Added Pin To Net: NetName=NetR57_2 Pin=U4-18
Added Net: Name=NetR57_2
Added Member To Class: ClassName=Voltage_Regulation Member=Component D9 B230-13-F
Added Member To Class: ClassName=Voltage_Regulation Member=Component D10 B230-13-F
Added Room: Name=Charging_TI
Added Room: Name=Charging_TI_2
Added Room: Name=Microcontroller
Added Room: Name=PD_Controller
Added Room: Name=Voltage_Regulation
