Removed Pin From Net: NetName=SW1 Pin=IC3-1
Removed Pin From Net: NetName=SW1 Pin=IC3-2
Removed Pin From Net: NetName=SW1 Pin=IC3-3
Removed Pin From Net: NetName=HIDRV1 Pin=IC3-4
Removed Pin From Net: NetName=NetC33_2 Pin=IC3-5
Removed Pin From Net: NetName=NetC33_2 Pin=IC3-6
Removed Pin From Net: NetName=NetC33_2 Pin=IC3-7
Removed Pin From Net: NetName=NetC33_2 Pin=IC3-8
Removed Pin From Net: NetName=GND Pin=IC4-1
Removed Pin From Net: NetName=GND Pin=IC4-2
Removed Pin From Net: NetName=GND Pin=IC4-3
Removed Pin From Net: NetName=LODRV1 Pin=IC4-4
Removed Pin From Net: NetName=SW1 Pin=IC4-5
Removed Pin From Net: NetName=SW1 Pin=IC4-6
Removed Pin From Net: NetName=SW1 Pin=IC4-7
Removed Pin From Net: NetName=SW1 Pin=IC4-8
Removed Pin From Net: NetName=GND Pin=IC5-1
Removed Pin From Net: NetName=GND Pin=IC5-2
Removed Pin From Net: NetName=GND Pin=IC5-3
Removed Pin From Net: NetName=LODRV2 Pin=IC5-4
Removed Pin From Net: NetName=SW2 Pin=IC5-5
Removed Pin From Net: NetName=SW2 Pin=IC5-6
Removed Pin From Net: NetName=SW2 Pin=IC5-7
Removed Pin From Net: NetName=SW2 Pin=IC5-8
Removed Pin From Net: NetName=SW2 Pin=IC6-1
Removed Pin From Net: NetName=SW2 Pin=IC6-2
Removed Pin From Net: NetName=SW2 Pin=IC6-3
Removed Pin From Net: NetName=HIDRV2 Pin=IC6-4
Removed Pin From Net: NetName=V_SYS Pin=IC6-5
Removed Pin From Net: NetName=V_SYS Pin=IC6-6
Removed Pin From Net: NetName=V_SYS Pin=IC6-7
Removed Pin From Net: NetName=V_SYS Pin=IC6-8
Removed Member From Class: ClassName=Charging_TI_2 Member=IC3
Removed Member From Class: ClassName=Charging_TI_2 Member=IC4
Removed Member From Class: ClassName=Charging_TI_2 Member=IC5
Removed Member From Class: ClassName=Charging_TI_2 Member=IC6
Added Component: Designator=Q?(TRANS_AON6278)
Add component. Clean all parameters for all variants
Add component (AddParameter): Name = "Availability"; Value = "Unavailable"; VariantName = "[No Variations]"
Add component (AddParameter): Name = "MF"; Value = "{'manufacturer': u'Alpha '}"; VariantName = "[No Variations]"
Add component (AddParameter): Name = "MP"; Value = "AON6278"; VariantName = "[No Variations]"
Add component (AddParameter): Name = "Package"; Value = "None"; VariantName = "[No Variations]"
Add component (AddParameter): Name = "Price"; Value = "None"; VariantName = "[No Variations]"
Add component (AddParameter): Name = "Value"; Value = ""; VariantName = "[No Variations]"
Added Pin To Net: NetName=NetQ?_1 Pin=Q?-1
Added Pin To Net: NetName=NetQ?_1 Pin=Q?-2
Added Pin To Net: NetName=NetQ?_1 Pin=Q?-3
Added Net: Name=NetQ?_1
Added Pin To Net: NetName=NetQ?_5 Pin=Q?-5
Added Pin To Net: NetName=NetQ?_5 Pin=Q?-6
Added Pin To Net: NetName=NetQ?_5 Pin=Q?-7
Added Pin To Net: NetName=NetQ?_5 Pin=Q?-8
Added Pin To Net: NetName=NetQ?_5 Pin=Q?-9
Added Net: Name=NetQ?_5
Added Member To Class: ClassName=Charging_TI_2 Member=Component C48 10 µF
Added Member To Class: ClassName=Charging_TI_2 Member=Component Q1 AON6362
Added Member To Class: ClassName=Charging_TI_2 Member=Component Q2 AON6362
Added Member To Class: ClassName=Charging_TI_2 Member=Component Q3 AON6362
Added Member To Class: ClassName=Charging_TI_2 Member=Component Q4 AON6362
Added Member To Class: ClassName=Charging_TI_2 Member=Component Q? AON6278
