Removed Pin From Net: NetName=GND Pin=D11-A
Removed Pin From Net: NetName=KNOCK_SENSOR Pin=D11-C
Removed Pin From Net: NetName=KNOCK_SENSOR Pin=D14-A
Removed Pin From Net: NetName=+3V3 Pin=D14-C
Change Component Footprint: Designator=D11 Old Footprint=DIO_BZT52B3V6S New Footprint=DIO_BZT52B3V3S_R9
Change Component Footprint: Designator=D14 Old Footprint=DIO_BZT52B3V6S New Footprint=DIO_BZT52B3V3S_R9
Change Component Comment : Designator=D11 Old Comment=BZT52B3V6S New Comment=BZT52B3V3S_R9
Change Component Comment : Designator=D14 Old Comment=BZT52B3V6S New Comment=BZT52B3V3S_R9
Change component parameters: Designator = "D11"; Footprint = "DIO_BZT52B3V3S_R9"; UniqueID = "\USJXKZSB"
Change component parameters. Clean all parameters for all variants
Change component parameters (AddParameter): Name = "Availability"; Value = "Unavailable"; VariantName = "[No Variations]"
Change component parameters (AddParameter): Name = "MF"; Value = "{'manufacturer': u'Taiwan Semiconductor'}"; VariantName = "[No Variations]"
Change component parameters (AddParameter): Name = "MP"; Value = "BZT52B3V3S_R9"; VariantName = "[No Variations]"
Change component parameters (AddParameter): Name = "Package"; Value = "None"; VariantName = "[No Variations]"
Change component parameters (AddParameter): Name = "Price"; Value = "None"; VariantName = "[No Variations]"
Change component parameters (AddParameter): Name = "Value"; Value = ""; VariantName = "[No Variations]"
Change component parameters: Designator = "D14"; Footprint = "DIO_BZT52B3V3S_R9"; UniqueID = "\PGCSYGBO"
Change component parameters. Clean all parameters for all variants
Change component parameters (AddParameter): Name = "Availability"; Value = "Unavailable"; VariantName = "[No Variations]"
Change component parameters (AddParameter): Name = "MF"; Value = "{'manufacturer': u'Taiwan Semiconductor'}"; VariantName = "[No Variations]"
Change component parameters (AddParameter): Name = "MP"; Value = "BZT52B3V3S_R9"; VariantName = "[No Variations]"
Change component parameters (AddParameter): Name = "Package"; Value = "None"; VariantName = "[No Variations]"
Change component parameters (AddParameter): Name = "Price"; Value = "None"; VariantName = "[No Variations]"
Change component parameters (AddParameter): Name = "Value"; Value = ""; VariantName = "[No Variations]"
Added Pin To Net: NetName=KNOCK_SENSOR Pin=D11-A
Added Pin To Net: NetName=+3V3 Pin=D11-C
Added Pin To Net: NetName=GND Pin=D14-A
Added Pin To Net: NetName=KNOCK_SENSOR Pin=D14-C
Added Pin To Net: NetName=I2CM_IRQ Pin=R6-1
Added Pin To Net: NetName=GND Pin=U3-7
Added Member To Class: ClassName=PD_Controller_TI Member=Component J11 C2982481
