Removed Pin From Net: NetName=ALERT_FUEL Pin=R1-1
Removed Pin From Net: NetName=GPIO2_M Pin=R2-2
Removed Pin From Net: NetName=GPIO5_M Pin=R6-2
Removed Pin From Net: NetName=DCONN_P Pin=R11-1
Removed Pin From Net: NetName=DCONN_N Pin=R12-1
Removed Pin From Net: NetName=DCONN_P Pin=R49-2
Removed Pin From Net: NetName=DCONN_N Pin=R51-2
Removed Pin From Net: NetName=I2CM_SDA Pin=R68-1
Removed Pin From Net: NetName=I2CM_SCL Pin=R69-1
Removed Pin From Net: NetName=I2CM_SCL Pin=R70-1
Removed Pin From Net: NetName=I2CM_SDA Pin=R71-1
Removed Pin From Net: NetName=I2CM_SDA Pin=R72-2
Removed Pin From Net: NetName=I2CM_SCL Pin=R82-2
Removed Member From Class: ClassName=Microcontroller Member=R2
Removed Member From Class: ClassName=Microcontroller Member=R6
Removed Member From Class: ClassName=Microcontroller Member=R11
Removed Member From Class: ClassName=Microcontroller Member=R12
Removed Member From Class: ClassName=PD_Controller_TI Member=R49
Removed Member From Class: ClassName=PD_Controller_TI Member=R51
Removed Member From Class: ClassName=I2C Member=R68
Removed Member From Class: ClassName=I2C Member=R69
Removed Member From Class: ClassName=PD_Controller_TI Member=R70
Removed Member From Class: ClassName=PD_Controller_TI Member=R71
Removed Member From Class: ClassName=PD_Controller_TI Member=R72
Removed Member From Class: ClassName=PD_Controller_TI Member=R82
Change Component Comment : Designator=R1 Old Comment=0 Ohms New Comment=10 kOhms
Change component parameters: Designator = "R2"; Footprint = "RES 0402_1005"; UniqueID = "\WXRGFWEK"
Change component parameters. Clean all parameters for all variants
Change component parameters (AddParameter): Name = "ComponentLink1Description"; Value = "Datasheet"; VariantName = "[No Variations]"
Change component parameters (AddParameter): Name = "ComponentLink1URL"; Value = "http://www.vishay.com/docs/20043/crcwhpe3.pdf"; VariantName = "[No Variations]"
Change component parameters (AddParameter): Name = "ComponentLink2Description"; Value = "DigiKey Link"; VariantName = "[No Variations]"
Change component parameters (AddParameter): Name = "ComponentLink2URL"; Value = "https://www.digikey.com/en/products/detail/vishay-dale/CRCW04020000Z0EDHP/2222496"; VariantName = "[No Variations]"
Change component parameters (AddParameter): Name = "Composition"; Value = "Thick Film"; VariantName = "[No Variations]"
Change component parameters (AddParameter): Name = "Device Package"; Value = "0402 (1005 Metric)"; VariantName = "[No Variations]"
Change component parameters (AddParameter): Name = "Features"; Value = "Automotive AEC-Q200, Pulse Withstanding"; VariantName = "[No Variations]"
Change component parameters (AddParameter): Name = "Height - Seated (Max)"; Value = "0.016" (0.40mm)"; VariantName = "[No Variations]"
Change component parameters (AddParameter): Name = "LastUpdated"; Value = "7/09/2023 7:26:17 PM"; VariantName = "[No Variations]"
Change component parameters (AddParameter): Name = "Lifecycle Status"; Value = "Active"; VariantName = "[No Variations]"
Change component parameters (AddParameter): Name = "Manufacturer"; Value = "Vishay Dale"; VariantName = "[No Variations]"
Change component parameters (AddParameter): Name = "Minimum Order"; Value = "1"; VariantName = "[No Variations]"
Change component parameters (AddParameter): Name = "Number of Terminations"; Value = "2"; VariantName = "[No Variations]"
Change component parameters (AddParameter): Name = "Operating Temperature"; Value = "-55°C ~ 155°C"; VariantName = "[No Variations]"
Change component parameters (AddParameter): Name = "Package / Case"; Value = "0402 (1005 Metric)"; VariantName = "[No Variations]"
Change component parameters (AddParameter): Name = "Packaging"; Value = "TapeAndReel"; VariantName = "[No Variations]"
Change component parameters (AddParameter): Name = "PartId"; Value = "3131"; VariantName = "[No Variations]"
Change component parameters (AddParameter): Name = "Part Number"; Value = "CRCW04020000Z0EDHP"; VariantName = "[No Variations]"
Change component parameters (AddParameter): Name = "Part Status"; Value = "Active"; VariantName = "[No Variations]"
Change component parameters (AddParameter): Name = "Power (Watts)"; Value = "0.2W, 1/5W"; VariantName = "[No Variations]"
Change component parameters (AddParameter): Name = "Price"; Value = "0.01"; VariantName = "[No Variations]"
Change component parameters (AddParameter): Name = "Ratings"; Value = "AEC-Q200"; VariantName = "[No Variations]"
Change component parameters (AddParameter): Name = "Resistance"; Value = "0 Ohms"; VariantName = "[No Variations]"
Change component parameters (AddParameter): Name = "Series"; Value = "CRCW-HP"; VariantName = "[No Variations]"
Change component parameters (AddParameter): Name = "Size / Dimension"; Value = "0.039" L x 0.020" W (1.00mm x 0.50mm)"; VariantName = "[No Variations]"
Change component parameters (AddParameter): Name = "Supplier 1"; Value = "DigiKey"; VariantName = "[No Variations]"
Change component parameters (AddParameter): Name = "Supplier Device Package"; Value = "0402"; VariantName = "[No Variations]"
Change component parameters (AddParameter): Name = "Supplier Part Number 1"; Value = "541-0.0YBCT-ND"; VariantName = "[No Variations]"
Change component parameters (AddParameter): Name = "Tolerance"; Value = "Jumper"; VariantName = "[No Variations]"
Change component parameters (AddParameter): Name = "Value"; Value = "0 Ohms"; VariantName = "[No Variations]"
Change component parameters: Designator = "R6"; Footprint = "RES 0402_1005"; UniqueID = "\ABTAVJZH"
Change component parameters. Clean all parameters for all variants
Change component parameters (AddParameter): Name = "ComponentLink1Description"; Value = "Datasheet"; VariantName = "[No Variations]"
Change component parameters (AddParameter): Name = "ComponentLink1URL"; Value = "http://www.vishay.com/docs/20043/crcwhpe3.pdf"; VariantName = "[No Variations]"
Change component parameters (AddParameter): Name = "ComponentLink2Description"; Value = "DigiKey Link"; VariantName = "[No Variations]"
Change component parameters (AddParameter): Name = "ComponentLink2URL"; Value = "https://www.digikey.com/en/products/detail/vishay-dale/CRCW04020000Z0EDHP/2222496"; VariantName = "[No Variations]"
Change component parameters (AddParameter): Name = "Composition"; Value = "Thick Film"; VariantName = "[No Variations]"
Change component parameters (AddParameter): Name = "Device Package"; Value = "0402 (1005 Metric)"; VariantName = "[No Variations]"
Change component parameters (AddParameter): Name = "Features"; Value = "Automotive AEC-Q200, Pulse Withstanding"; VariantName = "[No Variations]"
Change component parameters (AddParameter): Name = "Height - Seated (Max)"; Value = "0.016" (0.40mm)"; VariantName = "[No Variations]"
Change component parameters (AddParameter): Name = "LastUpdated"; Value = "7/09/2023 7:26:17 PM"; VariantName = "[No Variations]"
Change component parameters (AddParameter): Name = "Lifecycle Status"; Value = "Active"; VariantName = "[No Variations]"
Change component parameters (AddParameter): Name = "Manufacturer"; Value = "Vishay Dale"; VariantName = "[No Variations]"
Change component parameters (AddParameter): Name = "Minimum Order"; Value = "1"; VariantName = "[No Variations]"
Change component parameters (AddParameter): Name = "Number of Terminations"; Value = "2"; VariantName = "[No Variations]"
Change component parameters (AddParameter): Name = "Operating Temperature"; Value = "-55°C ~ 155°C"; VariantName = "[No Variations]"
Change component parameters (AddParameter): Name = "Package / Case"; Value = "0402 (1005 Metric)"; VariantName = "[No Variations]"
Change component parameters (AddParameter): Name = "Packaging"; Value = "TapeAndReel"; VariantName = "[No Variations]"
Change component parameters (AddParameter): Name = "PartId"; Value = "3131"; VariantName = "[No Variations]"
Change component parameters (AddParameter): Name = "Part Number"; Value = "CRCW04020000Z0EDHP"; VariantName = "[No Variations]"
Change component parameters (AddParameter): Name = "Part Status"; Value = "Active"; VariantName = "[No Variations]"
Change component parameters (AddParameter): Name = "Power (Watts)"; Value = "0.2W, 1/5W"; VariantName = "[No Variations]"
Change component parameters (AddParameter): Name = "Price"; Value = "0.01"; VariantName = "[No Variations]"
Change component parameters (AddParameter): Name = "Ratings"; Value = "AEC-Q200"; VariantName = "[No Variations]"
Change component parameters (AddParameter): Name = "Resistance"; Value = "0 Ohms"; VariantName = "[No Variations]"
Change component parameters (AddParameter): Name = "Series"; Value = "CRCW-HP"; VariantName = "[No Variations]"
Change component parameters (AddParameter): Name = "Size / Dimension"; Value = "0.039" L x 0.020" W (1.00mm x 0.50mm)"; VariantName = "[No Variations]"
Change component parameters (AddParameter): Name = "Supplier 1"; Value = "DigiKey"; VariantName = "[No Variations]"
Change component parameters (AddParameter): Name = "Supplier Device Package"; Value = "0402"; VariantName = "[No Variations]"
Change component parameters (AddParameter): Name = "Supplier Part Number 1"; Value = "541-0.0YBCT-ND"; VariantName = "[No Variations]"
Change component parameters (AddParameter): Name = "Tolerance"; Value = "Jumper"; VariantName = "[No Variations]"
Change component parameters (AddParameter): Name = "Value"; Value = "0 Ohms"; VariantName = "[No Variations]"
Change component parameters: Designator = "R1"; Footprint = "RES 0402_1005"; UniqueID = "\TTRKRHEN"
Change component parameters. Clean all parameters for all variants
Change component parameters (AddParameter): Name = "ComponentLink1Description"; Value = "Datasheet"; VariantName = "[No Variations]"
Change component parameters (AddParameter): Name = "ComponentLink1URL"; Value = "https://www.yageo.com/upload/media/product/productsearch/datasheet/rchip/PYu-RC_Group_51_RoHS_L_11.pdf"; VariantName = "[No Variations]"
Change component parameters (AddParameter): Name = "ComponentLink2Description"; Value = "DigiKey Link"; VariantName = "[No Variations]"
Change component parameters (AddParameter): Name = "ComponentLink2URL"; Value = "https://www.digikey.com/en/products/detail/yageo/RC0402JR-1310KL/13694115"; VariantName = "[No Variations]"
Change component parameters (AddParameter): Name = "Composition"; Value = "Thick Film"; VariantName = "[No Variations]"
Change component parameters (AddParameter): Name = "Device Package"; Value = "0402 (1005 Metric)"; VariantName = "[No Variations]"
Change component parameters (AddParameter): Name = "Features"; Value = "Moisture Resistant"; VariantName = "[No Variations]"
Change component parameters (AddParameter): Name = "Height - Seated (Max)"; Value = "0.016" (0.40mm)"; VariantName = "[No Variations]"
Change component parameters (AddParameter): Name = "LastUpdated"; Value = "4/04/2023 7:21:31 PM"; VariantName = "[No Variations]"
Change component parameters (AddParameter): Name = "Lifecycle Status"; Value = "Active"; VariantName = "[No Variations]"
Change component parameters (AddParameter): Name = "Manufacturer"; Value = "Yageo"; VariantName = "[No Variations]"
Change component parameters (AddParameter): Name = "Minimum Order"; Value = "50000"; VariantName = "[No Variations]"
Change component parameters (AddParameter): Name = "Number of Terminations"; Value = "2"; VariantName = "[No Variations]"
Change component parameters (AddParameter): Name = "Operating Temperature"; Value = "-55°C ~ 155°C"; VariantName = "[No Variations]"
Change component parameters (AddParameter): Name = "Package / Case"; Value = "0402 (1005 Metric)"; VariantName = "[No Variations]"
Change component parameters (AddParameter): Name = "PartId"; Value = "69237"; VariantName = "[No Variations]"
Change component parameters (AddParameter): Name = "Part Number"; Value = "RC0402JR-1310KL"; VariantName = "[No Variations]"
Change component parameters (AddParameter): Name = "Part Status"; Value = "Active"; VariantName = "[No Variations]"
Change component parameters (AddParameter): Name = "Power (Watts)"; Value = "0.063W, 1/16W"; VariantName = "[No Variations]"
Change component parameters (AddParameter): Name = "Price"; Value = "0"; VariantName = "[No Variations]"
Change component parameters (AddParameter): Name = "Resistance"; Value = "10 kOhms"; VariantName = "[No Variations]"
Change component parameters (AddParameter): Name = "Series"; Value = "RC_L"; VariantName = "[No Variations]"
Change component parameters (AddParameter): Name = "Size / Dimension"; Value = "0.039" L x 0.020" W (1.00mm x 0.50mm)"; VariantName = "[No Variations]"
Change component parameters (AddParameter): Name = "Supplier 1"; Value = "DigiKey"; VariantName = "[No Variations]"
Change component parameters (AddParameter): Name = "Supplier Device Package"; Value = "0402"; VariantName = "[No Variations]"
Change component parameters (AddParameter): Name = "Supplier Part Number 1"; Value = "13-RC0402JR-1310KLTR-ND"; VariantName = "[No Variations]"
Change component parameters (AddParameter): Name = "Temperature Coefficient"; Value = "±100ppm/°C"; VariantName = "[No Variations]"
Change component parameters (AddParameter): Name = "Tolerance"; Value = "±5%"; VariantName = "[No Variations]"
Change component parameters (AddParameter): Name = "Value"; Value = "10 kOhms"; VariantName = "[No Variations]"
Added Pin To Net: NetName=DCONN_P Pin=IC2-4
Added Pin To Net: NetName=DCONN_N Pin=IC2-5
Added Pin To Net: NetName=BOOT0 Pin=R1-1
Added Pin To Net: NetName=FUEL_BATT_SR_N Pin=R1-2
Added Pin To Net: NetName=I2CS_SDA Pin=R2-1
Added Pin To Net: NetName=I2CM_SDA Pin=R2-2
Added Pin To Net: NetName=I2CS_SCL Pin=R6-1
Added Pin To Net: NetName=I2CM_SCL Pin=R6-2
Added Pin To Net: NetName=GPIO5_M Pin=R22-1
Added Pin To Net: NetName=GPIO2_M Pin=R42-1
Added Pin To Net: NetName=ALERT_FUEL Pin=U1-2
Added Pin To Net: NetName=GPIO5_M Pin=U2-11
Added Pin To Net: NetName=I2CM_SDA Pin=U2-12
Added Pin To Net: NetName=I2CM_SCL Pin=U2-13
Added Pin To Net: NetName=GPIO2_M Pin=U3-10
Added Pin To Net: NetName=I2CM_SDA Pin=U3-16
Added Pin To Net: NetName=I2CM_SCL Pin=U3-17
Added Pin To Net: NetName=DCONN_P Pin=U3-26
Added Pin To Net: NetName=DCONN_N Pin=U3-27
Added Pin To Net: NetName=I2CM_SDA Pin=U5-5
Added Pin To Net: NetName=I2CM_SCL Pin=U5-6
Added Member To Class: ClassName=I2C Member=Component R2 0 Ohms
Added Member To Class: ClassName=I2C Member=Component R6 0 Ohms
