Change Net Name : Old Net Name=NetC1_2 New Net Name=NRESET
Change Net Name : Old Net Name=NetC9_2 New Net Name=COMP1
Change Net Name : Old Net Name=NetC12_2 New Net Name=COMP2
Change Net Name : Old Net Name=NetC13_1 New Net Name=V_SYS
Change Net Name : Old Net Name=NetC16_1 New Net Name=V_BATT
Change Net Name : Old Net Name=NetC18_2 New Net Name=ILIM_HIZ
Change Net Name : Old Net Name=NetC19_2 New Net Name=PPHV
Change Net Name : Old Net Name=NetC20_2 New Net Name=IBAT
Change Net Name : Old Net Name=NetC21_2 New Net Name=IADPT
Change Net Name : Old Net Name=NetC22_2 New Net Name=REGN
Change Net Name : Old Net Name=NetC23_2 New Net Name=VDDA
Change Net Name : Old Net Name=NetC35_1 New Net Name=BTST1
Change Net Name : Old Net Name=NetC35_2 New Net Name=SW1
Change Net Name : Old Net Name=NetC36_1 New Net Name=BTST2
Change Net Name : Old Net Name=NetC36_2 New Net Name=SW2
Change Net Name : Old Net Name=NetC37_1 New Net Name=ACP
Change Net Name : Old Net Name=NetC37_2 New Net Name=ACN
Change Net Name : Old Net Name=NetC38_2 New Net Name=LODRV1
Change Net Name : Old Net Name=NetC41_2 New Net Name=LODRV2
Change Net Name : Old Net Name=NetC54_2 New Net Name=LDO_1V5
Change Net Name : Old Net Name=NetC55_2 New Net Name=ADCIN1
Change Net Name : Old Net Name=NetC56_1 New Net Name=CC1
Change Net Name : Old Net Name=NetC57_1 New Net Name=CC2
Change Net Name : Old Net Name=NetC61_2 New Net Name=V_BUS
Change Net Name : Old Net Name=NetC69_1 New Net Name=VBST1
Change Net Name : Old Net Name=NetC75_1 New Net Name=VBST2
Change Net Name : Old Net Name=NetD1_2 New Net Name=LED_1
Change Net Name : Old Net Name=NetD2_2 New Net Name=LED_2
Change Net Name : Old Net Name=NetD3_2 New Net Name=LED_3
Change Net Name : Old Net Name=NetIC2_23 New Net Name=UART_RTS
Change Net Name : Old Net Name=NetIC2_24 New Net Name=UART_CTS
Change Net Name : Old Net Name=NetIC2_25 New Net Name=MCU_TX
Change Net Name : Old Net Name=NetIC2_26 New Net Name=MCU_RX
Change Net Name : Old Net Name=NetIC3_4 New Net Name=HIDRV1
Change Net Name : Old Net Name=NetIC6_4 New Net Name=HIDRV2
Change Net Name : Old Net Name=NetJ1_1 New Net Name=KNOCK_SENSOR
Change Net Name : Old Net Name=NetJ2_2 New Net Name=SWDIO
Change Net Name : Old Net Name=NetJ2_4 New Net Name=SWCLK
Change Net Name : Old Net Name=NetJ6_1 New Net Name=I2CM_SDA
Change Net Name : Old Net Name=NetJ6_2 New Net Name=I2CS_SDA
Change Net Name : Old Net Name=NetJ7_1 New Net Name=I2CM_SCL
Change Net Name : Old Net Name=NetJ7_2 New Net Name=I2CS_SCL
Change Net Name : Old Net Name=NetJ10_1 New Net Name=ADCIN2
Change Net Name : Old Net Name=NetQ1_1 New Net Name=GPIO6_PD
Change Net Name : Old Net Name=NetQ2_1 New Net Name=GPIO7_PD
Change Net Name : Old Net Name=NetQ3_1 New Net Name=GPIO11_PD
Change Net Name : Old Net Name=NetQ4_1 New Net Name=CHRG_OK
Change Net Name : Old Net Name=NetR1_1 New Net Name=I2CS_IRQ
Change Net Name : Old Net Name=NetR1_2 New Net Name=GPIO2_M
Change Net Name : Old Net Name=NetR2_1 New Net Name=GPIO0_PD
Change Net Name : Old Net Name=NetR2_2 New Net Name=GPIO4_M
Change Net Name : Old Net Name=NetR6_1 New Net Name=GPIO1_PD
Change Net Name : Old Net Name=NetR6_2 New Net Name=GPIO5_M
Change Net Name : Old Net Name=NetR11_1 New Net Name=DP
Change Net Name : Old Net Name=NetR12_1 New Net Name=DN
Change Net Name : Old Net Name=NetR13_2 New Net Name=CELL_BATTPRESZ
Change Net Name : Old Net Name=NetR15_2 New Net Name=CMPIN
Change Net Name : Old Net Name=NetR16_2 New Net Name=CMPOUT
Change Net Name : Old Net Name=NetR20_1 New Net Name=OTG/VAP/FRS
Change Net Name : Old Net Name=NetR22_1 New Net Name=PROCHOT
Change Net Name : Old Net Name=NetR26_1 New Net Name=SRP
Change Net Name : Old Net Name=NetR27_1 New Net Name=SRN
Change Net Name : Old Net Name=NetR29_2 New Net Name=PSYS
Change Net Name : Old Net Name=NetR45_1 New Net Name=I2CM_IRQ
Change Net Name : Old Net Name=NetR48_1 New Net Name=D_P
Change Net Name : Old Net Name=NetR50_1 New Net Name=D_N
Change Net Name : Old Net Name=NetR56_2 New Net Name=CS2
Change Net Name : Old Net Name=NetR57_2 New Net Name=CS1
Change Net Name : Old Net Name=NetR58_1 New Net Name=T_GR_5V
Change Net Name : Old Net Name=NetR59_1 New Net Name=VFB2
Change Net Name : Old Net Name=NetR60_1 New Net Name=T_GR_3V
Change Net Name : Old Net Name=NetR62_1 New Net Name=VFB1
Change Net Name : Old Net Name=NetR68_2 New Net Name=SDA_CHRG
Change Net Name : Old Net Name=NetR69_2 New Net Name=SCL_CHRG
Change Net Name : Old Net Name=NetU3_15 New Net Name=DRAIN
Change Net Name : Old Net Name=NetU6_3 New Net Name=T_G_3V
Change Net Name : Old Net Name=NetU6_5 New Net Name=B_G_3V
Change Net Name : Old Net Name=NetU7_15 New Net Name=B_G_5V
Change Net Name : Old Net Name=NetU7_16 New Net Name=T_G_5V
